CRITICAL - 2023-10-30 15:13:32 --> Class 'App\Controllers\Materias_cursos' not found
in APPPATH\Controllers\CursosController.php on line 296.
 1 SYSTEMPATH\CodeIgniter.php(919): App\Controllers\CursosController->ver_materias('4')
 2 SYSTEMPATH\CodeIgniter.php(494): CodeIgniter\CodeIgniter->runController(Object(App\Controllers\CursosController))
 3 SYSTEMPATH\CodeIgniter.php(353): CodeIgniter\CodeIgniter->handleRequest(null, Object(Config\Cache), false)
 4 FCPATH\index.php(79): CodeIgniter\CodeIgniter->run()
ERROR - 2023-10-30 15:14:09 --> mysqli_sql_exception: Table 'escuela.materias_cursos' doesn't exist in C:\xampp\htdocs\escuela\system\Database\MySQLi\Connection.php:306
Stack trace:
#0 C:\xampp\htdocs\escuela\system\Database\MySQLi\Connection.php(306): mysqli->query('SELECT COUNT(*)...', 0)
#1 C:\xampp\htdocs\escuela\system\Database\BaseConnection.php(692): CodeIgniter\Database\MySQLi\Connection->execute('SELECT COUNT(*)...')
#2 C:\xampp\htdocs\escuela\system\Database\BaseConnection.php(606): CodeIgniter\Database\BaseConnection->simpleQuery('SELECT COUNT(*)...')
#3 C:\xampp\htdocs\escuela\system\Database\BaseBuilder.php(1699): CodeIgniter\Database\BaseConnection->query('SELECT COUNT(*)...', Array, false)
#4 C:\xampp\htdocs\escuela\system\Model.php(599): CodeIgniter\Database\BaseBuilder->countAllResults(false)
#5 C:\xampp\htdocs\escuela\system\BaseModel.php(1203): CodeIgniter\Model->countAllResults(false)
#6 C:\xampp\htdocs\escuela\app\Models\Materias_cursos.php(22): CodeIgniter\BaseModel->paginate(15)
#7 C:\xampp\htdocs\escuela\app\Controllers\CursosController.php(326): App\Models\Materias_cursos->mostrar(Object(App\Models\Materias_cursos))
#8 C:\xampp\htdocs\escuela\system\CodeIgniter.php(919): App\Controllers\CursosController->ver_materias('4')
#9 C:\xampp\htdocs\escuela\system\CodeIgniter.php(494): CodeIgniter\CodeIgniter->runController(Object(App\Controllers\CursosController))
#10 C:\xampp\htdocs\escuela\system\CodeIgniter.php(353): CodeIgniter\CodeIgniter->handleRequest(NULL, Object(Config\Cache), false)
#11 C:\xampp\htdocs\escuela\public\index.php(79): CodeIgniter\CodeIgniter->run()
#12 {main}
CRITICAL - 2023-10-30 15:14:09 --> Table 'escuela.materias_cursos' doesn't exist
in SYSTEMPATH\Database\BaseConnection.php on line 646.
 1 SYSTEMPATH\Database\BaseBuilder.php(1699): CodeIgniter\Database\BaseConnection->query('SELECT COUNT(*) AS `numrows`
FROM `materias_cursos`
LEFT JOIN `materias` AS `m` ON `m`.`id` = `materias_cursos`.`materias_id`
LEFT JOIN `cursos` AS `c` ON `c`.`id` = `materias_cursos`.`cursos_id`
LEFT JOIN `docentes` AS `d` ON `d`.`id` = `materias_cursos`.`cursos_id`
LEFT JOIN `materias` ON `materias`.`id` = `materias_cursos`.`materias_id`
LEFT JOIN `cursos` ON `cursos`.`id` = `materias_cursos`.`cursos_id`
LEFT JOIN `docentes` ON `docentes`.`id` = `materias_cursos`.`docentes_id`
WHERE `cursos_id` = :cursos_id:', [...], false)
 2 SYSTEMPATH\Model.php(599): CodeIgniter\Database\BaseBuilder->countAllResults(false)
 3 SYSTEMPATH\BaseModel.php(1203): CodeIgniter\Model->countAllResults(false)
 4 APPPATH\Models\Materias_cursos.php(22): CodeIgniter\BaseModel->paginate(15)
 5 APPPATH\Controllers\CursosController.php(326): App\Models\Materias_cursos->mostrar(Object(App\Models\Materias_cursos))
 6 SYSTEMPATH\CodeIgniter.php(919): App\Controllers\CursosController->ver_materias('4')
 7 SYSTEMPATH\CodeIgniter.php(494): CodeIgniter\CodeIgniter->runController(Object(App\Controllers\CursosController))
 8 SYSTEMPATH\CodeIgniter.php(353): CodeIgniter\CodeIgniter->handleRequest(null, Object(Config\Cache), false)
 9 FCPATH\index.php(79): CodeIgniter\CodeIgniter->run()
ERROR - 2023-10-30 15:14:28 --> mysqli_sql_exception: Table 'escuela.materias_cursos' doesn't exist in C:\xampp\htdocs\escuela\system\Database\MySQLi\Connection.php:306
Stack trace:
#0 C:\xampp\htdocs\escuela\system\Database\MySQLi\Connection.php(306): mysqli->query('SELECT COUNT(*)...', 0)
#1 C:\xampp\htdocs\escuela\system\Database\BaseConnection.php(692): CodeIgniter\Database\MySQLi\Connection->execute('SELECT COUNT(*)...')
#2 C:\xampp\htdocs\escuela\system\Database\BaseConnection.php(606): CodeIgniter\Database\BaseConnection->simpleQuery('SELECT COUNT(*)...')
#3 C:\xampp\htdocs\escuela\system\Database\BaseBuilder.php(1699): CodeIgniter\Database\BaseConnection->query('SELECT COUNT(*)...', Array, false)
#4 C:\xampp\htdocs\escuela\system\Model.php(599): CodeIgniter\Database\BaseBuilder->countAllResults(false)
#5 C:\xampp\htdocs\escuela\system\BaseModel.php(1203): CodeIgniter\Model->countAllResults(false)
#6 C:\xampp\htdocs\escuela\app\Models\Materias_cursos.php(22): CodeIgniter\BaseModel->paginate(15)
#7 C:\xampp\htdocs\escuela\app\Controllers\CursosController.php(326): App\Models\Materias_cursos->mostrar(Object(App\Models\Materias_cursos))
#8 C:\xampp\htdocs\escuela\system\CodeIgniter.php(919): App\Controllers\CursosController->ver_materias('4')
#9 C:\xampp\htdocs\escuela\system\CodeIgniter.php(494): CodeIgniter\CodeIgniter->runController(Object(App\Controllers\CursosController))
#10 C:\xampp\htdocs\escuela\system\CodeIgniter.php(353): CodeIgniter\CodeIgniter->handleRequest(NULL, Object(Config\Cache), false)
#11 C:\xampp\htdocs\escuela\public\index.php(79): CodeIgniter\CodeIgniter->run()
#12 {main}
CRITICAL - 2023-10-30 15:14:28 --> Table 'escuela.materias_cursos' doesn't exist
in SYSTEMPATH\Database\BaseConnection.php on line 646.
 1 SYSTEMPATH\Database\BaseBuilder.php(1699): CodeIgniter\Database\BaseConnection->query('SELECT COUNT(*) AS `numrows`
FROM `materias_cursos`
LEFT JOIN `materias` AS `m` ON `m`.`id` = `materias_cursos`.`materias_id`
LEFT JOIN `cursos` AS `c` ON `c`.`id` = `materias_cursos`.`cursos_id`
LEFT JOIN `docentes` AS `d` ON `d`.`id` = `materias_cursos`.`cursos_id`
LEFT JOIN `materias` ON `materias`.`id` = `materias_cursos`.`materias_id`
LEFT JOIN `cursos` ON `cursos`.`id` = `materias_cursos`.`cursos_id`
LEFT JOIN `docentes` ON `docentes`.`id` = `materias_cursos`.`docentes_id`
WHERE `cursos_id` = :cursos_id:', [...], false)
 2 SYSTEMPATH\Model.php(599): CodeIgniter\Database\BaseBuilder->countAllResults(false)
 3 SYSTEMPATH\BaseModel.php(1203): CodeIgniter\Model->countAllResults(false)
 4 APPPATH\Models\Materias_cursos.php(22): CodeIgniter\BaseModel->paginate(15)
 5 APPPATH\Controllers\CursosController.php(326): App\Models\Materias_cursos->mostrar(Object(App\Models\Materias_cursos))
 6 SYSTEMPATH\CodeIgniter.php(919): App\Controllers\CursosController->ver_materias('4')
 7 SYSTEMPATH\CodeIgniter.php(494): CodeIgniter\CodeIgniter->runController(Object(App\Controllers\CursosController))
 8 SYSTEMPATH\CodeIgniter.php(353): CodeIgniter\CodeIgniter->handleRequest(null, Object(Config\Cache), false)
 9 FCPATH\index.php(79): CodeIgniter\CodeIgniter->run()
ERROR - 2023-10-30 15:14:29 --> mysqli_sql_exception: Table 'escuela.materias_cursos' doesn't exist in C:\xampp\htdocs\escuela\system\Database\MySQLi\Connection.php:306
Stack trace:
#0 C:\xampp\htdocs\escuela\system\Database\MySQLi\Connection.php(306): mysqli->query('SELECT COUNT(*)...', 0)
#1 C:\xampp\htdocs\escuela\system\Database\BaseConnection.php(692): CodeIgniter\Database\MySQLi\Connection->execute('SELECT COUNT(*)...')
#2 C:\xampp\htdocs\escuela\system\Database\BaseConnection.php(606): CodeIgniter\Database\BaseConnection->simpleQuery('SELECT COUNT(*)...')
#3 C:\xampp\htdocs\escuela\system\Database\BaseBuilder.php(1699): CodeIgniter\Database\BaseConnection->query('SELECT COUNT(*)...', Array, false)
#4 C:\xampp\htdocs\escuela\system\Model.php(599): CodeIgniter\Database\BaseBuilder->countAllResults(false)
#5 C:\xampp\htdocs\escuela\system\BaseModel.php(1203): CodeIgniter\Model->countAllResults(false)
#6 C:\xampp\htdocs\escuela\app\Models\Materias_cursos.php(22): CodeIgniter\BaseModel->paginate(15)
#7 C:\xampp\htdocs\escuela\app\Controllers\CursosController.php(326): App\Models\Materias_cursos->mostrar(Object(App\Models\Materias_cursos))
#8 C:\xampp\htdocs\escuela\system\CodeIgniter.php(919): App\Controllers\CursosController->ver_materias('4')
#9 C:\xampp\htdocs\escuela\system\CodeIgniter.php(494): CodeIgniter\CodeIgniter->runController(Object(App\Controllers\CursosController))
#10 C:\xampp\htdocs\escuela\system\CodeIgniter.php(353): CodeIgniter\CodeIgniter->handleRequest(NULL, Object(Config\Cache), false)
#11 C:\xampp\htdocs\escuela\public\index.php(79): CodeIgniter\CodeIgniter->run()
#12 {main}
CRITICAL - 2023-10-30 15:14:29 --> Table 'escuela.materias_cursos' doesn't exist
in SYSTEMPATH\Database\BaseConnection.php on line 646.
 1 SYSTEMPATH\Database\BaseBuilder.php(1699): CodeIgniter\Database\BaseConnection->query('SELECT COUNT(*) AS `numrows`
FROM `materias_cursos`
LEFT JOIN `materias` AS `m` ON `m`.`id` = `materias_cursos`.`materias_id`
LEFT JOIN `cursos` AS `c` ON `c`.`id` = `materias_cursos`.`cursos_id`
LEFT JOIN `docentes` AS `d` ON `d`.`id` = `materias_cursos`.`cursos_id`
LEFT JOIN `materias` ON `materias`.`id` = `materias_cursos`.`materias_id`
LEFT JOIN `cursos` ON `cursos`.`id` = `materias_cursos`.`cursos_id`
LEFT JOIN `docentes` ON `docentes`.`id` = `materias_cursos`.`docentes_id`
WHERE `cursos_id` = :cursos_id:', [...], false)
 2 SYSTEMPATH\Model.php(599): CodeIgniter\Database\BaseBuilder->countAllResults(false)
 3 SYSTEMPATH\BaseModel.php(1203): CodeIgniter\Model->countAllResults(false)
 4 APPPATH\Models\Materias_cursos.php(22): CodeIgniter\BaseModel->paginate(15)
 5 APPPATH\Controllers\CursosController.php(326): App\Models\Materias_cursos->mostrar(Object(App\Models\Materias_cursos))
 6 SYSTEMPATH\CodeIgniter.php(919): App\Controllers\CursosController->ver_materias('4')
 7 SYSTEMPATH\CodeIgniter.php(494): CodeIgniter\CodeIgniter->runController(Object(App\Controllers\CursosController))
 8 SYSTEMPATH\CodeIgniter.php(353): CodeIgniter\CodeIgniter->handleRequest(null, Object(Config\Cache), false)
 9 FCPATH\index.php(79): CodeIgniter\CodeIgniter->run()
CRITICAL - 2023-10-30 15:15:04 --> Invalid argument supplied for foreach()
in APPPATH\Views\cursos\asignarMateria.php on line 12.
 1 APPPATH\Views\cursos\asignarMateria.php(12): CodeIgniter\Debug\Exceptions->errorHandler(2, 'Invalid argument supplied for foreach()', 'C:\\xampp\\htdocs\\escuela\\app\\Views\\cursos\\asignarMateria.php', 12, [...])
 2 SYSTEMPATH\View\View.php(226): include('C:\\xampp\\htdocs\\escuela\\app\\Views\\cursos\\asignarMateria.php')
 3 SYSTEMPATH\View\View.php(229): CodeIgniter\View\View->CodeIgniter\View\{closure}()
 4 SYSTEMPATH\Common.php(1188): CodeIgniter\View\View->render('cursos/asignarMateria', [], true)
 5 APPPATH\Controllers\CursosController.php(331): view('cursos/asignarMateria', [...])
 6 SYSTEMPATH\CodeIgniter.php(919): App\Controllers\CursosController->ver_materias('4')
 7 SYSTEMPATH\CodeIgniter.php(494): CodeIgniter\CodeIgniter->runController(Object(App\Controllers\CursosController))
 8 SYSTEMPATH\CodeIgniter.php(353): CodeIgniter\CodeIgniter->handleRequest(null, Object(Config\Cache), false)
 9 FCPATH\index.php(79): CodeIgniter\CodeIgniter->run()
CRITICAL - 2023-10-30 15:25:15 --> Invalid argument supplied for foreach()
in APPPATH\Views\cursos\show_materias.php on line 67.
 1 APPPATH\Views\cursos\show_materias.php(67): CodeIgniter\Debug\Exceptions->errorHandler(2, 'Invalid argument supplied for foreach()', 'C:\\xampp\\htdocs\\escuela\\app\\Views\\cursos\\show_materias.php', 67, [...])
 2 SYSTEMPATH\View\View.php(226): include('C:\\xampp\\htdocs\\escuela\\app\\Views\\cursos\\show_materias.php')
 3 SYSTEMPATH\View\View.php(229): CodeIgniter\View\View->CodeIgniter\View\{closure}()
 4 SYSTEMPATH\Common.php(1188): CodeIgniter\View\View->render('cursos/show_materias', [], true)
 5 APPPATH\Controllers\CursosController.php(331): view('cursos/show_materias', [...])
 6 SYSTEMPATH\CodeIgniter.php(919): App\Controllers\CursosController->ver_materias('4')
 7 SYSTEMPATH\CodeIgniter.php(494): CodeIgniter\CodeIgniter->runController(Object(App\Controllers\CursosController))
 8 SYSTEMPATH\CodeIgniter.php(353): CodeIgniter\CodeIgniter->handleRequest(null, Object(Config\Cache), false)
 9 FCPATH\index.php(79): CodeIgniter\CodeIgniter->run()
CRITICAL - 2023-10-30 15:25:16 --> Invalid argument supplied for foreach()
in APPPATH\Views\cursos\show_materias.php on line 67.
 1 APPPATH\Views\cursos\show_materias.php(67): CodeIgniter\Debug\Exceptions->errorHandler(2, 'Invalid argument supplied for foreach()', 'C:\\xampp\\htdocs\\escuela\\app\\Views\\cursos\\show_materias.php', 67, [...])
 2 SYSTEMPATH\View\View.php(226): include('C:\\xampp\\htdocs\\escuela\\app\\Views\\cursos\\show_materias.php')
 3 SYSTEMPATH\View\View.php(229): CodeIgniter\View\View->CodeIgniter\View\{closure}()
 4 SYSTEMPATH\Common.php(1188): CodeIgniter\View\View->render('cursos/show_materias', [], true)
 5 APPPATH\Controllers\CursosController.php(331): view('cursos/show_materias', [...])
 6 SYSTEMPATH\CodeIgniter.php(919): App\Controllers\CursosController->ver_materias('4')
 7 SYSTEMPATH\CodeIgniter.php(494): CodeIgniter\CodeIgniter->runController(Object(App\Controllers\CursosController))
 8 SYSTEMPATH\CodeIgniter.php(353): CodeIgniter\CodeIgniter->handleRequest(null, Object(Config\Cache), false)
 9 FCPATH\index.php(79): CodeIgniter\CodeIgniter->run()
CRITICAL - 2023-10-30 15:45:14 --> Class 'App\Controllers\Docentes' not found
in APPPATH\Controllers\CursosController.php on line 345.
 1 SYSTEMPATH\CodeIgniter.php(919): App\Controllers\CursosController->inscribir_materias('4')
 2 SYSTEMPATH\CodeIgniter.php(494): CodeIgniter\CodeIgniter->runController(Object(App\Controllers\CursosController))
 3 SYSTEMPATH\CodeIgniter.php(353): CodeIgniter\CodeIgniter->handleRequest(null, Object(Config\Cache), false)
 4 FCPATH\index.php(79): CodeIgniter\CodeIgniter->run()
CRITICAL - 2023-10-30 15:49:59 --> "materias_cursos" is not a valid rule.
in SYSTEMPATH\Controller.php on line 182.
 1 SYSTEMPATH\Controller.php(182): CodeIgniter\Validation\Exceptions\ValidationException::forRuleNotFound('materias_cursos')
 2 SYSTEMPATH\Controller.php(148): CodeIgniter\Controller->setValidator('materias_cursos', [])
 3 APPPATH\Controllers\CursosController.php(361): CodeIgniter\Controller->validate('materias_cursos')
 4 SYSTEMPATH\CodeIgniter.php(919): App\Controllers\CursosController->guardarInscripcion_materias('4')
 5 SYSTEMPATH\CodeIgniter.php(494): CodeIgniter\CodeIgniter->runController(Object(App\Controllers\CursosController))
 6 SYSTEMPATH\CodeIgniter.php(353): CodeIgniter\CodeIgniter->handleRequest(null, Object(Config\Cache), false)
 7 FCPATH\index.php(79): CodeIgniter\CodeIgniter->run()
ERROR - 2023-10-30 15:50:54 --> mysqli_sql_exception: Unknown column 'm.nombres' in 'where clause' in C:\xampp\htdocs\escuela\system\Database\MySQLi\Connection.php:306
Stack trace:
#0 C:\xampp\htdocs\escuela\system\Database\MySQLi\Connection.php(306): mysqli->query('SELECT COUNT(*)...', 0)
#1 C:\xampp\htdocs\escuela\system\Database\BaseConnection.php(692): CodeIgniter\Database\MySQLi\Connection->execute('SELECT COUNT(*)...')
#2 C:\xampp\htdocs\escuela\system\Database\BaseConnection.php(606): CodeIgniter\Database\BaseConnection->simpleQuery('SELECT COUNT(*)...')
#3 C:\xampp\htdocs\escuela\system\Database\BaseBuilder.php(1699): CodeIgniter\Database\BaseConnection->query('SELECT COUNT(*)...', Array, false)
#4 C:\xampp\htdocs\escuela\system\Model.php(599): CodeIgniter\Database\BaseBuilder->countAllResults(false)
#5 C:\xampp\htdocs\escuela\system\BaseModel.php(1203): CodeIgniter\Model->countAllResults(false)
#6 C:\xampp\htdocs\escuela\app\Models\Materias_cursos.php(22): CodeIgniter\BaseModel->paginate(15)
#7 C:\xampp\htdocs\escuela\app\Controllers\CursosController.php(328): App\Models\Materias_cursos->mostrar(Object(App\Models\Materias_cursos))
#8 C:\xampp\htdocs\escuela\system\CodeIgniter.php(919): App\Controllers\CursosController->ver_materias('4')
#9 C:\xampp\htdocs\escuela\system\CodeIgniter.php(494): CodeIgniter\CodeIgniter->runController(Object(App\Controllers\CursosController))
#10 C:\xampp\htdocs\escuela\system\CodeIgniter.php(353): CodeIgniter\CodeIgniter->handleRequest(NULL, Object(Config\Cache), false)
#11 C:\xampp\htdocs\escuela\public\index.php(79): CodeIgniter\CodeIgniter->run()
#12 {main}
CRITICAL - 2023-10-30 15:50:54 --> Unknown column 'm.nombres' in 'where clause'
in SYSTEMPATH\Database\BaseConnection.php on line 646.
 1 SYSTEMPATH\Database\BaseBuilder.php(1699): CodeIgniter\Database\BaseConnection->query('SELECT COUNT(*) AS `numrows`
FROM `materias_cursos`
LEFT JOIN `materias` AS `m` ON `m`.`id` = `materias_cursos`.`materias_id`
LEFT JOIN `cursos` AS `c` ON `c`.`id` = `materias_cursos`.`cursos_id`
LEFT JOIN `docentes` AS `d` ON `d`.`id` = `materias_cursos`.`cursos_id`
LEFT JOIN `materias` ON `materias`.`id` = `materias_cursos`.`materias_id`
LEFT JOIN `cursos` ON `cursos`.`id` = `materias_cursos`.`cursos_id`
LEFT JOIN `docentes` ON `docentes`.`id` = `materias_cursos`.`docentes_id`
WHERE `m`.`nombres` LIKE :m.nombres: ESCAPE \'!\'
AND `cursos_id` = :cursos_id:', [...], false)
 2 SYSTEMPATH\Model.php(599): CodeIgniter\Database\BaseBuilder->countAllResults(false)
 3 SYSTEMPATH\BaseModel.php(1203): CodeIgniter\Model->countAllResults(false)
 4 APPPATH\Models\Materias_cursos.php(22): CodeIgniter\BaseModel->paginate(15)
 5 APPPATH\Controllers\CursosController.php(328): App\Models\Materias_cursos->mostrar(Object(App\Models\Materias_cursos))
 6 SYSTEMPATH\CodeIgniter.php(919): App\Controllers\CursosController->ver_materias('4')
 7 SYSTEMPATH\CodeIgniter.php(494): CodeIgniter\CodeIgniter->runController(Object(App\Controllers\CursosController))
 8 SYSTEMPATH\CodeIgniter.php(353): CodeIgniter\CodeIgniter->handleRequest(null, Object(Config\Cache), false)
 9 FCPATH\index.php(79): CodeIgniter\CodeIgniter->run()
