CRITICAL - 2023-10-19 15:17:57 --> Call to a member function with() on string
in APPPATH\Controllers\EstudiantesController.php on line 37.
 1 SYSTEMPATH\CodeIgniter.php(919): App\Controllers\EstudiantesController->guardar()
 2 SYSTEMPATH\CodeIgniter.php(494): CodeIgniter\CodeIgniter->runController(Object(App\Controllers\EstudiantesController))
 3 SYSTEMPATH\CodeIgniter.php(353): CodeIgniter\CodeIgniter->handleRequest(null, Object(Config\Cache), false)
 4 FCPATH\index.php(79): CodeIgniter\CodeIgniter->run()
CRITICAL - 2023-10-19 15:18:58 --> The route for "estudiantes/create" cannot be found.
in SYSTEMPATH\HTTP\RedirectResponse.php on line 60.
 1 SYSTEMPATH\HTTP\RedirectResponse.php(60): CodeIgniter\HTTP\Exceptions\HTTPException::forInvalidRedirectRoute('estudiantes/create')
 2 SYSTEMPATH\Common.php(878): CodeIgniter\HTTP\RedirectResponse->route(false)
 3 APPPATH\Controllers\EstudiantesController.php(37): redirect('estudiantes/create')
 4 SYSTEMPATH\CodeIgniter.php(919): App\Controllers\EstudiantesController->guardar()
 5 SYSTEMPATH\CodeIgniter.php(494): CodeIgniter\CodeIgniter->runController(Object(App\Controllers\EstudiantesController))
 6 SYSTEMPATH\CodeIgniter.php(353): CodeIgniter\CodeIgniter->handleRequest(null, Object(Config\Cache), false)
 7 FCPATH\index.php(79): CodeIgniter\CodeIgniter->run()
CRITICAL - 2023-10-19 15:19:28 --> The route for "/create" cannot be found.
in SYSTEMPATH\HTTP\RedirectResponse.php on line 60.
 1 SYSTEMPATH\HTTP\RedirectResponse.php(60): CodeIgniter\HTTP\Exceptions\HTTPException::forInvalidRedirectRoute('/create')
 2 SYSTEMPATH\Common.php(878): CodeIgniter\HTTP\RedirectResponse->route(false)
 3 APPPATH\Controllers\EstudiantesController.php(37): redirect('/create')
 4 SYSTEMPATH\CodeIgniter.php(919): App\Controllers\EstudiantesController->guardar()
 5 SYSTEMPATH\CodeIgniter.php(494): CodeIgniter\CodeIgniter->runController(Object(App\Controllers\EstudiantesController))
 6 SYSTEMPATH\CodeIgniter.php(353): CodeIgniter\CodeIgniter->handleRequest(null, Object(Config\Cache), false)
 7 FCPATH\index.php(79): CodeIgniter\CodeIgniter->run()
CRITICAL - 2023-10-19 15:20:01 --> The route for "http://localhost/escuela/public/create" cannot be found.
in SYSTEMPATH\HTTP\RedirectResponse.php on line 60.
 1 SYSTEMPATH\HTTP\RedirectResponse.php(60): CodeIgniter\HTTP\Exceptions\HTTPException::forInvalidRedirectRoute('http://localhost/escuela/public/create')
 2 SYSTEMPATH\Common.php(878): CodeIgniter\HTTP\RedirectResponse->route(false)
 3 APPPATH\Controllers\EstudiantesController.php(37): redirect('http://localhost/escuela/public/create')
 4 SYSTEMPATH\CodeIgniter.php(919): App\Controllers\EstudiantesController->guardar()
 5 SYSTEMPATH\CodeIgniter.php(494): CodeIgniter\CodeIgniter->runController(Object(App\Controllers\EstudiantesController))
 6 SYSTEMPATH\CodeIgniter.php(353): CodeIgniter\CodeIgniter->handleRequest(null, Object(Config\Cache), false)
 7 FCPATH\index.php(79): CodeIgniter\CodeIgniter->run()
CRITICAL - 2023-10-19 16:07:40 --> "cursos" is not a valid rule.
in SYSTEMPATH\Controller.php on line 182.
 1 SYSTEMPATH\Controller.php(182): CodeIgniter\Validation\Exceptions\ValidationException::forRuleNotFound('cursos')
 2 SYSTEMPATH\Controller.php(148): CodeIgniter\Controller->setValidator('cursos', [])
 3 APPPATH\Controllers\CursosController.php(25): CodeIgniter\Controller->validate('cursos')
 4 SYSTEMPATH\CodeIgniter.php(919): App\Controllers\CursosController->guardar()
 5 SYSTEMPATH\CodeIgniter.php(494): CodeIgniter\CodeIgniter->runController(Object(App\Controllers\CursosController))
 6 SYSTEMPATH\CodeIgniter.php(353): CodeIgniter\CodeIgniter->handleRequest(null, Object(Config\Cache), false)
 7 FCPATH\index.php(79): CodeIgniter\CodeIgniter->run()
CRITICAL - 2023-10-19 17:07:05 --> Too few arguments to function CodeIgniter\HTTP\RedirectResponse::with(), 1 passed in C:\xampp\htdocs\escuela\app\Controllers\CursosController.php on line 39 and exactly 2 expected
in SYSTEMPATH\HTTP\RedirectResponse.php on line 130.
 1 APPPATH\Controllers\CursosController.php(39): CodeIgniter\HTTP\RedirectResponse->with('data')
 2 SYSTEMPATH\CodeIgniter.php(919): App\Controllers\CursosController->guardar()
 3 SYSTEMPATH\CodeIgniter.php(494): CodeIgniter\CodeIgniter->runController(Object(App\Controllers\CursosController))
 4 SYSTEMPATH\CodeIgniter.php(353): CodeIgniter\CodeIgniter->handleRequest(null, Object(Config\Cache), false)
 5 FCPATH\index.php(79): CodeIgniter\CodeIgniter->run()
